
[020t*661*10/10/2024*20:06*
     *PRIMARY CARD READER ACTIVATED*
[020t*662*10/10/2024*20:21*
     *TRANSACTION START*
[020t CARD INSERTED
 20:21:17 ATR RECEIVED T=0
[020t 20:21:26 PIN ENTERED
[000p[040q(I     *3211*1*L(1*1,M-54,S
[020t 20:21:42 OPCODE = AAAF   C
 20:21:42 GENAC 1 : ARQC
 20:21:44 GENAC 2 : TC
[020t 20:21:49 NOTES STACKED
[020t 20:21:53 CARD TAKEN
24/10/10 24/10/10 20:21 0005 3212 011000
0004583********4500          700.00  230
AUTHNUM:   733190
RESPCODE:   000
 
[020t 20:21:56 NOTES PRESENTED 0,1,2,2
[020t
CASH TOTAL       TYPE1 TYPE2 TYPE3 TYPE4
DENOMINATION         5    10    20    50
DISPENSED        00535 00459 00815 00566
REJECTED         00003 00003 00003 00003
REMAINING        00465 00541 00185 00434

[020t 20:21:56 NOTES TAKEN
[020t 20:22:04 TRANSACTION END


[020t*440*10/10/2024*21:07*
     *PRIMARY CARD READER ACTIVATED*
[020t*441*10/10/2024*21:19*
     *TRANSACTION START*
[020t CARD INSERTED
21:19:41 CUSTOMER CANCELLED
[020t 21:19:43 CARD TAKEN
[020t 21:19:46 TRANSACTION END

[020t*442*10/10/2024*21:19*
     *PRIMARY CARD READER ACTIVATED*
[020t*443*10/10/2024*22:18*
     *TRANSACTION START*
[020t CARD INSERTED
 22:18:17 ATR RECEIVED T=0
[020t 22:18:26 PIN ENTERED
[020t 22:18:45 OPCODE = AAAF   C
 22:18:45 GENAC 1 : ARQC
 22:18:47 GENAC 2 : TC
[020t 22:19:04 NOTES STACKED
[020t 22:19:07 CARD TAKEN
24/10/10 24/10/10 22:19 0458 0895 011000
0004583********9217        1,000.00  230
AUTHNUM:   803740
RESPCODE:   000
 
[020t 22:19:10 NOTES PRESENTED 0,0,0,5
[020t
CASH TOTAL       TYPE1 TYPE2 TYPE3 TYPE4
DENOMINATION         5    10    20    50
DISPENSED        00000 00000 00047 00658
REJECTED         00000 00000 00007 00010
REMAINING        00000 00000 00953 00342

[020t 22:19:11 NOTES TAKEN
[020t 22:19:18 TRANSACTION END
vsadionvoqernvoqe
nvwwidvn9eion
viasinbveuni
vednveinvqei
svnisanofvq
vnqnvqivq0e
wev8qb8vibvr39